2025-08-01 15:20:20,430 - __main__ - INFO - 🚀 Starting Enhanced Leandro Crypto Bot...
2025-08-01 15:20:20,929 - __main__ - INFO - ✅ Bot connected: @Leandrocryptobot (ID: 8124805384)
2025-08-01 15:20:20,929 - __main__ - INFO - 🔄 Starting bot polling...
2025-08-01 15:20:20,929 - aiogram.dispatcher - INFO - Start polling
2025-08-01 15:20:21,088 - aiogram.dispatcher - INFO - Run polling for bot @Leandrocryptobot id=8124805384 - 'Leandro crypto'
2025-08-01 15:27:45,733 - __main__ - ERROR - Handler error in vip_access_handler: vip_access_handler() got an unexpected keyword argument 'dispatcher'
2025-08-01 15:27:46,376 - aiogram.event - INFO - Update id=163271765 is handled. Duration 646 ms by bot id=8124805384
2025-08-01 15:32:47,210 - aiogram.dispatcher - WARNING - Received SIGTERM signal
2025-08-01 15:32:47,211 - aiogram.dispatcher - INFO - Polling stopped for bot @Leandrocryptobot id=8124805384 - 'Leandro crypto'
2025-08-01 15:32:47,211 - aiogram.dispatcher - INFO - Polling stopped
2025-08-01 15:32:58,432 - __main__ - INFO - 🚀 Starting Enhanced Leandro Crypto Bot...
2025-08-01 15:32:58,918 - __main__ - INFO - ✅ Bot connected: @Leandrocryptobot (ID: 8124805384)
2025-08-01 15:32:58,918 - __main__ - INFO - 🔄 Starting bot polling...
2025-08-01 15:32:58,918 - aiogram.dispatcher - INFO - Start polling
2025-08-01 15:32:59,076 - aiogram.dispatcher - INFO - Run polling for bot @Leandrocryptobot id=8124805384 - 'Leandro crypto'
2025-08-01 15:38:48,588 - __main__ - ERROR - Handler error in start_handler: start_handler() got an unexpected keyword argument 'dispatcher'
2025-08-01 15:38:49,216 - aiogram.event - INFO - Update id=163271766 is handled. Duration 629 ms by bot id=8124805384
2025-08-01 15:49:55,860 - aiogram.dispatcher - WARNING - Received SIGTERM signal
2025-08-01 15:49:55,861 - aiogram.dispatcher - INFO - Polling stopped for bot @Leandrocryptobot id=8124805384 - 'Leandro crypto'
2025-08-01 15:49:55,862 - aiogram.dispatcher - INFO - Polling stopped
