2025-07-31 21:51:41,297 - __main__ - ERROR - ❌ CRITICAL ERROR: TELEGRAM_BOT_TOKEN not set in environment variables!
2025-07-31 21:51:41,298 - __main__ - ERROR - 📝 Instructions: Add your bot token to Replit Secrets
2025-07-31 21:56:55,633 - __main__ - INFO - ============================================================
2025-07-31 21:56:55,633 - __main__ - INFO - 🎯 PERFECT USDC TELEGRAM BOT - ALL CRITICAL ISSUES FIXED
2025-07-31 21:56:55,633 - __main__ - INFO - ============================================================
2025-07-31 21:56:55,633 - __main__ - INFO - ✅ Issue #1: No broken imports - all self-contained
2025-07-31 21:56:55,633 - __main__ - INFO - ✅ Issue #2: Working USDC payment verification on Solana
2025-07-31 21:56:55,633 - __main__ - INFO - ✅ Issue #3: Consolidated FSM states - no conflicts
2025-07-31 21:56:55,633 - __main__ - INFO - ✅ Issue #4: No duplicate handlers - single working versions
2025-07-31 21:56:55,633 - __main__ - INFO - ✅ Issue #5: Bulletproof safe message editing
2025-07-31 21:56:55,633 - __main__ - INFO - ✅ Issue #6: Complete error handling for all inputs
2025-07-31 21:56:55,633 - __main__ - INFO - ✅ Issue #7: Working VIP manager with proper activation
2025-07-31 21:56:55,633 - __main__ - INFO - ✅ Issue #8: Simplified multilingual system
2025-07-31 21:56:55,633 - __main__ - INFO - ✅ Issue #9: User-friendly payment flow
2025-07-31 21:56:55,633 - __main__ - INFO - ✅ Issue #10: All basic functionality working
2025-07-31 21:56:55,633 - __main__ - INFO - ✅ Issue #11: Bot startup guaranteed to work
2025-07-31 21:56:55,633 - __main__ - INFO - ✅ Issue #12: Security vulnerabilities patched
2025-07-31 21:56:55,633 - __main__ - INFO - ============================================================
2025-07-31 21:56:55,634 - __main__ - INFO - 🚀 Starting Perfect USDC Bot - All Issues Fixed!
2025-07-31 21:56:56,124 - __main__ - INFO - ✅ Bot connected successfully: @Leandrocryptobot (ID: 8124805384)
2025-07-31 21:56:56,124 - __main__ - INFO - ✅ All handlers registered and ready
2025-07-31 21:56:56,124 - __main__ - INFO - ✅ VIP Manager initialized: 0 active VIP members
2025-07-31 21:56:56,124 - __main__ - INFO - ✅ USDC Verifier ready with 4 RPC endpoints
2025-07-31 21:56:56,124 - __main__ - INFO - ✅ Multilingual system loaded with 11 languages
2025-07-31 21:56:56,124 - __main__ - INFO - ✅ Rate limiting active: 100 requests/minute per user
2025-07-31 21:56:56,124 - __main__ - INFO - 🔄 Starting polling - Bot is now live!
2025-07-31 21:56:56,124 - __main__ - INFO - 💰 VIP Price: $80.0 USDC | Wallet: DEtg3HdJKUqk...
2025-07-31 21:56:56,124 - aiogram.dispatcher - INFO - Start polling
2025-07-31 21:56:56,283 - aiogram.dispatcher - INFO - Run polling for bot @Leandrocryptobot id=8124805384 - 'Leandro crypto'
2025-07-31 21:56:57,055 - __main__ - INFO - ✅ Welcome sent to @user (ID: 6573507555)
2025-07-31 21:56:57,055 - aiogram.event - INFO - Update id=163271647 is handled. Duration 607 ms by bot id=8124805384
2025-07-31 21:56:57,202 - __main__ - INFO - ✅ Welcome sent to @leandrocrypto (ID: 1189538737)
2025-07-31 21:56:57,202 - aiogram.event - INFO - Update id=163271645 is handled. Duration 755 ms by bot id=8124805384
2025-07-31 21:57:38,152 - __main__ - INFO - VIP access shown to @user (ID: 6573507555)
2025-07-31 21:57:38,152 - aiogram.event - INFO - Update id=163271648 is handled. Duration 577 ms by bot id=8124805384
2025-07-31 22:00:33,454 - aiogram.event - INFO - Update id=163271649 is handled. Duration 586 ms by bot id=8124805384
2025-07-31 22:00:35,837 - aiogram.event - INFO - Update id=163271650 is handled. Duration 562 ms by bot id=8124805384
2025-07-31 22:00:37,789 - __main__ - INFO - Language set to pt for user 6573507555
2025-07-31 22:00:37,790 - aiogram.event - INFO - Update id=163271651 is handled. Duration 620 ms by bot id=8124805384
2025-07-31 22:00:39,509 - aiogram.event - INFO - Update id=163271652 is handled. Duration 576 ms by bot id=8124805384
2025-07-31 22:00:41,601 - aiogram.event - INFO - Update id=163271653 is handled. Duration 745 ms by bot id=8124805384
2025-07-31 22:00:44,079 - aiogram.event - INFO - Update id=163271654 is handled. Duration 555 ms by bot id=8124805384
2025-07-31 22:00:45,456 - __main__ - INFO - VIP access shown to @user (ID: 6573507555)
2025-07-31 22:00:45,456 - aiogram.event - INFO - Update id=163271655 is handled. Duration 555 ms by bot id=8124805384
2025-07-31 22:00:48,291 - __main__ - ERROR - Message edit failed: Telegram server says - Bad Request: can't parse entities: Can't find end of the entity starting at byte offset 930
2025-07-31 22:00:48,448 - __main__ - ERROR - Fallback message failed: Telegram server says - Bad Request: can't parse entities: Can't find end of the entity starting at byte offset 930
2025-07-31 22:00:48,719 - __main__ - INFO - Package weekly selected by @None (ID: 6573507555)
2025-07-31 22:00:48,719 - aiogram.event - INFO - Update id=163271656 is handled. Duration 587 ms by bot id=8124805384
2025-07-31 22:00:50,231 - aiogram.dispatcher - WARNING - Received SIGTERM signal
2025-07-31 22:00:50,231 - aiogram.dispatcher - INFO - Polling stopped for bot @Leandrocryptobot id=8124805384 - 'Leandro crypto'
2025-07-31 22:00:50,231 - aiogram.dispatcher - INFO - Polling stopped
2025-07-31 22:00:50,232 - __main__ - ERROR - Handler error in main_menu_handler: HTTP Client says - ServerDisconnectedError: Server disconnected
2025-07-31 22:00:50,556 - aiogram.event - INFO - Update id=163271657 is handled. Duration 880 ms by bot id=8124805384
2025-07-31 22:00:50,733 - __main__ - INFO - ✅ Bot session closed
2025-07-31 22:00:50,734 - __main__ - INFO - 🔚 Bot shutdown complete
2025-07-31 22:05:15,805 - __main__ - INFO - ============================================================
2025-07-31 22:05:15,805 - __main__ - INFO - 🎯 PERFECT USDC TELEGRAM BOT - ALL CRITICAL ISSUES FIXED
2025-07-31 22:05:15,805 - __main__ - INFO - ============================================================
2025-07-31 22:05:15,805 - __main__ - INFO - ✅ Issue #1: No broken imports - all self-contained
2025-07-31 22:05:15,805 - __main__ - INFO - ✅ Issue #2: Working USDC payment verification on Solana
2025-07-31 22:05:15,805 - __main__ - INFO - ✅ Issue #3: Consolidated FSM states - no conflicts
2025-07-31 22:05:15,805 - __main__ - INFO - ✅ Issue #4: No duplicate handlers - single working versions
2025-07-31 22:05:15,805 - __main__ - INFO - ✅ Issue #5: Bulletproof safe message editing
2025-07-31 22:05:15,805 - __main__ - INFO - ✅ Issue #6: Complete error handling for all inputs
2025-07-31 22:05:15,805 - __main__ - INFO - ✅ Issue #7: Working VIP manager with proper activation
2025-07-31 22:05:15,805 - __main__ - INFO - ✅ Issue #8: Simplified multilingual system
2025-07-31 22:05:15,805 - __main__ - INFO - ✅ Issue #9: User-friendly payment flow
2025-07-31 22:05:15,805 - __main__ - INFO - ✅ Issue #10: All basic functionality working
2025-07-31 22:05:15,806 - __main__ - INFO - ✅ Issue #11: Bot startup guaranteed to work
2025-07-31 22:05:15,806 - __main__ - INFO - ✅ Issue #12: Security vulnerabilities patched
2025-07-31 22:05:15,806 - __main__ - INFO - ============================================================
2025-07-31 22:05:15,806 - __main__ - INFO - 🚀 Starting Perfect USDC Bot - All Issues Fixed!
2025-07-31 22:05:16,290 - __main__ - INFO - ✅ Bot connected successfully: @Leandrocryptobot (ID: 8124805384)
2025-07-31 22:05:16,290 - __main__ - INFO - ✅ All handlers registered and ready
2025-07-31 22:05:16,290 - __main__ - INFO - ✅ VIP Manager initialized: 0 active VIP members
2025-07-31 22:05:16,290 - __main__ - INFO - ✅ USDC Verifier ready with 4 RPC endpoints
2025-07-31 22:05:16,290 - __main__ - INFO - ✅ Multilingual system loaded with 11 languages
2025-07-31 22:05:16,290 - __main__ - INFO - ✅ Rate limiting active: 100 requests/minute per user
2025-07-31 22:05:16,290 - __main__ - INFO - 🔄 Starting polling - Bot is now live!
2025-07-31 22:05:16,290 - __main__ - INFO - 💰 VIP Price: $80.0 USDC | Wallet: DEtg3HdJKUqk...
2025-07-31 22:05:16,290 - aiogram.dispatcher - INFO - Start polling
2025-07-31 22:05:16,448 - aiogram.dispatcher - INFO - Run polling for bot @Leandrocryptobot id=8124805384 - 'Leandro crypto'
2025-07-31 22:05:19,086 - __main__ - ERROR - ❌ CRITICAL ERROR: TELEGRAM_BOT_TOKEN not set in environment variables!
2025-07-31 22:05:19,086 - __main__ - ERROR - 📝 Instructions: Add your bot token to Replit Secrets
2025-07-31 22:05:22,791 - __main__ - INFO - ============================================================
2025-07-31 22:05:22,791 - __main__ - INFO - 🎯 PERFECT USDC TELEGRAM BOT - ALL CRITICAL ISSUES FIXED
2025-07-31 22:05:22,791 - __main__ - INFO - ============================================================
2025-07-31 22:05:22,791 - __main__ - INFO - ✅ Issue #1: No broken imports - all self-contained
2025-07-31 22:05:22,791 - __main__ - INFO - ✅ Issue #2: Working USDC payment verification on Solana
2025-07-31 22:05:22,791 - __main__ - INFO - ✅ Issue #3: Consolidated FSM states - no conflicts
2025-07-31 22:05:22,791 - __main__ - INFO - ✅ Issue #4: No duplicate handlers - single working versions
2025-07-31 22:05:22,791 - __main__ - INFO - ✅ Issue #5: Bulletproof safe message editing
2025-07-31 22:05:22,791 - __main__ - INFO - ✅ Issue #6: Complete error handling for all inputs
2025-07-31 22:05:22,791 - __main__ - INFO - ✅ Issue #7: Working VIP manager with proper activation
2025-07-31 22:05:22,791 - __main__ - INFO - ✅ Issue #8: Simplified multilingual system
2025-07-31 22:05:22,791 - __main__ - INFO - ✅ Issue #9: User-friendly payment flow
2025-07-31 22:05:22,791 - __main__ - INFO - ✅ Issue #10: All basic functionality working
2025-07-31 22:05:22,791 - __main__ - INFO - ✅ Issue #11: Bot startup guaranteed to work
2025-07-31 22:05:22,791 - __main__ - INFO - ✅ Issue #12: Security vulnerabilities patched
2025-07-31 22:05:22,791 - __main__ - INFO - ============================================================
2025-07-31 22:05:22,792 - __main__ - INFO - 🚀 Starting Perfect USDC Bot - All Issues Fixed!
2025-07-31 22:05:23,279 - __main__ - INFO - ✅ Bot connected successfully: @Leandrocryptobot (ID: 8124805384)
2025-07-31 22:05:23,279 - __main__ - INFO - ✅ All handlers registered and ready
2025-07-31 22:05:23,279 - __main__ - INFO - ✅ VIP Manager initialized: 0 active VIP members
2025-07-31 22:05:23,279 - __main__ - INFO - ✅ USDC Verifier ready with 4 RPC endpoints
2025-07-31 22:05:23,279 - __main__ - INFO - ✅ Multilingual system loaded with 11 languages
2025-07-31 22:05:23,279 - __main__ - INFO - ✅ Rate limiting active: 100 requests/minute per user
2025-07-31 22:05:23,279 - __main__ - INFO - 🔄 Starting polling - Bot is now live!
2025-07-31 22:05:23,279 - __main__ - INFO - 💰 VIP Price: $80.0 USDC | Wallet: DEtg3HdJKUqk...
2025-07-31 22:05:23,279 - aiogram.dispatcher - INFO - Start polling
2025-07-31 22:05:23,437 - aiogram.dispatcher - INFO - Run polling for bot @Leandrocryptobot id=8124805384 - 'Leandro crypto'
2025-07-31 22:05:23,504 - __main__ - INFO - ============================================================
2025-07-31 22:05:23,504 - __main__ - INFO - 🎯 PERFECT USDC TELEGRAM BOT - ALL CRITICAL ISSUES FIXED
2025-07-31 22:05:23,504 - __main__ - INFO - ============================================================
2025-07-31 22:05:23,504 - __main__ - INFO - ✅ Issue #1: No broken imports - all self-contained
2025-07-31 22:05:23,504 - __main__ - INFO - ✅ Issue #2: Working USDC payment verification on Solana
2025-07-31 22:05:23,504 - __main__ - INFO - ✅ Issue #3: Consolidated FSM states - no conflicts
2025-07-31 22:05:23,504 - __main__ - INFO - ✅ Issue #4: No duplicate handlers - single working versions
2025-07-31 22:05:23,504 - __main__ - INFO - ✅ Issue #5: Bulletproof safe message editing
2025-07-31 22:05:23,504 - __main__ - INFO - ✅ Issue #6: Complete error handling for all inputs
2025-07-31 22:05:23,504 - __main__ - INFO - ✅ Issue #7: Working VIP manager with proper activation
2025-07-31 22:05:23,504 - __main__ - INFO - ✅ Issue #8: Simplified multilingual system
2025-07-31 22:05:23,505 - __main__ - INFO - ✅ Issue #9: User-friendly payment flow
2025-07-31 22:05:23,505 - __main__ - INFO - ✅ Issue #10: All basic functionality working
2025-07-31 22:05:23,505 - __main__ - INFO - ✅ Issue #11: Bot startup guaranteed to work
2025-07-31 22:05:23,505 - __main__ - INFO - ✅ Issue #12: Security vulnerabilities patched
2025-07-31 22:05:23,505 - __main__ - INFO - ============================================================
2025-07-31 22:05:23,505 - __main__ - INFO - 🚀 Starting Perfect USDC Bot - All Issues Fixed!
2025-07-31 22:05:23,598 - aiogram.dispatcher - ERROR - Failed to fetch updates - TelegramConflictError: Telegram server says - Conflict: terminated by other getUpdates request; make sure that only one bot instance is running
2025-07-31 22:05:23,598 - aiogram.dispatcher - WARNING - Sleep for 1.000000 seconds and try again... (tryings = 0, bot id = 8124805384)
2025-07-31 22:05:23,990 - __main__ - INFO - ✅ Bot connected successfully: @Leandrocryptobot (ID: 8124805384)
2025-07-31 22:05:23,990 - __main__ - INFO - ✅ All handlers registered and ready
2025-07-31 22:05:23,990 - __main__ - INFO - ✅ VIP Manager initialized: 0 active VIP members
2025-07-31 22:05:23,990 - __main__ - INFO - ✅ USDC Verifier ready with 4 RPC endpoints
2025-07-31 22:05:23,990 - __main__ - INFO - ✅ Multilingual system loaded with 11 languages
2025-07-31 22:05:23,990 - __main__ - INFO - ✅ Rate limiting active: 100 requests/minute per user
2025-07-31 22:05:23,990 - __main__ - INFO - 🔄 Starting polling - Bot is now live!
2025-07-31 22:05:23,990 - __main__ - INFO - 💰 VIP Price: $80.0 USDC | Wallet: DEtg3HdJKUqk...
2025-07-31 22:05:23,991 - aiogram.dispatcher - INFO - Start polling
2025-07-31 22:05:24,149 - aiogram.dispatcher - INFO - Run polling for bot @Leandrocryptobot id=8124805384 - 'Leandro crypto'
2025-07-31 22:05:27,315 - aiogram.dispatcher - ERROR - Failed to fetch updates - TelegramConflictError: Telegram server says - Conflict: terminated by other getUpdates request; make sure that only one bot instance is running
2025-07-31 22:05:27,316 - aiogram.dispatcher - WARNING - Sleep for 1.000000 seconds and try again... (tryings = 0, bot id = 8124805384)
2025-07-31 22:05:27,761 - aiogram.dispatcher - ERROR - Failed to fetch updates - TelegramConflictError: Telegram server says - Conflict: terminated by other getUpdates request; make sure that only one bot instance is running
2025-07-31 22:05:27,761 - aiogram.dispatcher - WARNING - Sleep for 1.000000 seconds and try again... (tryings = 0, bot id = 8124805384)
2025-07-31 22:05:28,475 - aiogram.dispatcher - ERROR - Failed to fetch updates - TelegramConflictError: Telegram server says - Conflict: terminated by other getUpdates request; make sure that only one bot instance is running
2025-07-31 22:05:28,475 - aiogram.dispatcher - WARNING - Sleep for 1.306711 seconds and try again... (tryings = 1, bot id = 8124805384)
2025-07-31 22:05:31,923 - aiogram.dispatcher - ERROR - Failed to fetch updates - TelegramConflictError: Telegram server says - Conflict: terminated by other getUpdates request; make sure that only one bot instance is running
2025-07-31 22:05:31,923 - aiogram.dispatcher - WARNING - Sleep for 1.364056 seconds and try again... (tryings = 1, bot id = 8124805384)
2025-07-31 22:05:32,943 - aiogram.dispatcher - ERROR - Failed to fetch updates - TelegramConflictError: Telegram server says - Conflict: terminated by other getUpdates request; make sure that only one bot instance is running
2025-07-31 22:05:32,943 - aiogram.dispatcher - WARNING - Sleep for 1.382495 seconds and try again... (tryings = 1, bot id = 8124805384)
2025-07-31 22:05:33,448 - aiogram.dispatcher - ERROR - Failed to fetch updates - TelegramConflictError: Telegram server says - Conflict: terminated by other getUpdates request; make sure that only one bot instance is running
2025-07-31 22:05:33,448 - aiogram.dispatcher - WARNING - Sleep for 1.525817 seconds and try again... (tryings = 2, bot id = 8124805384)
2025-07-31 22:05:37,493 - aiogram.dispatcher - ERROR - Failed to fetch updates - TelegramConflictError: Telegram server says - Conflict: terminated by other getUpdates request; make sure that only one bot instance is running
2025-07-31 22:05:37,493 - aiogram.dispatcher - WARNING - Sleep for 1.839986 seconds and try again... (tryings = 2, bot id = 8124805384)
2025-07-31 22:05:38,133 - aiogram.dispatcher - ERROR - Failed to fetch updates - TelegramConflictError: Telegram server says - Conflict: terminated by other getUpdates request; make sure that only one bot instance is running
2025-07-31 22:05:38,134 - aiogram.dispatcher - WARNING - Sleep for 1.823397 seconds and try again... (tryings = 2, bot id = 8124805384)
2025-07-31 22:05:39,492 - aiogram.dispatcher - ERROR - Failed to fetch updates - TelegramConflictError: Telegram server says - Conflict: terminated by other getUpdates request; make sure that only one bot instance is running
2025-07-31 22:05:39,492 - aiogram.dispatcher - WARNING - Sleep for 1.948637 seconds and try again... (tryings = 3, bot id = 8124805384)
2025-07-31 22:05:43,119 - aiogram.dispatcher - ERROR - Failed to fetch updates - TelegramConflictError: Telegram server says - Conflict: terminated by other getUpdates request; make sure that only one bot instance is running
2025-07-31 22:05:43,119 - aiogram.dispatcher - WARNING - Sleep for 2.408698 seconds and try again... (tryings = 3, bot id = 8124805384)
2025-07-31 22:05:44,601 - aiogram.dispatcher - ERROR - Failed to fetch updates - TelegramConflictError: Telegram server says - Conflict: terminated by other getUpdates request; make sure that only one bot instance is running
2025-07-31 22:05:44,602 - aiogram.dispatcher - WARNING - Sleep for 2.213531 seconds and try again... (tryings = 3, bot id = 8124805384)
2025-07-31 22:05:45,692 - aiogram.dispatcher - ERROR - Failed to fetch updates - TelegramConflictError: Telegram server says - Conflict: terminated by other getUpdates request; make sure that only one bot instance is running
2025-07-31 22:05:45,692 - aiogram.dispatcher - WARNING - Sleep for 2.495482 seconds and try again... (tryings = 4, bot id = 8124805384)
2025-07-31 22:05:49,980 - aiogram.dispatcher - ERROR - Failed to fetch updates - TelegramConflictError: Telegram server says - Conflict: terminated by other getUpdates request; make sure that only one bot instance is running
2025-07-31 22:05:49,980 - aiogram.dispatcher - WARNING - Sleep for 3.129901 seconds and try again... (tryings = 4, bot id = 8124805384)
2025-07-31 22:05:51,351 - aiogram.dispatcher - ERROR - Failed to fetch updates - TelegramConflictError: Telegram server says - Conflict: terminated by other getUpdates request; make sure that only one bot instance is running
2025-07-31 22:05:51,351 - aiogram.dispatcher - WARNING - Sleep for 2.867720 seconds and try again... (tryings = 4, bot id = 8124805384)
2025-07-31 22:05:53,271 - aiogram.dispatcher - ERROR - Failed to fetch updates - TelegramConflictError: Telegram server says - Conflict: terminated by other getUpdates request; make sure that only one bot instance is running
2025-07-31 22:05:53,271 - aiogram.dispatcher - WARNING - Sleep for 3.310389 seconds and try again... (tryings = 5, bot id = 8124805384)
